0 info it worked if it ends with ok
1 verbose cli [ '/usr/local/bin/node', '/usr/local/bin/npm', 'run', 'dev' ]
2 info using npm@2.15.9
3 info using node@v4.5.0
4 verbose run-script [ 'predev', 'dev', 'postdev' ]
5 info predev paging@0.1.1
6 info dev paging@0.1.1
7 verbose unsafe-perm in lifecycle true
8 info paging@0.1.1 Failed to exec dev script
9 verbose stack Error: paging@0.1.1 dev: `fis3 release -wL -d ./output`
9 verbose stack Exit status 7
9 verbose stack     at EventEmitter.<anonymous> (/usr/local/lib/node_modules/npm/lib/utils/lifecycle.js:217:16)
9 verbose stack     at emitTwo (events.js:87:13)
9 verbose stack     at EventEmitter.emit (events.js:172:7)
9 verbose stack     at ChildProcess.<anonymous> (/usr/local/lib/node_modules/npm/lib/utils/spawn.js:24:14)
9 verbose stack     at emitTwo (events.js:87:13)
9 verbose stack     at ChildProcess.emit (events.js:172:7)
9 verbose stack     at maybeClose (internal/child_process.js:829:16)
9 verbose stack     at Process.ChildProcess._handle.onexit (internal/child_process.js:211:5)
10 verbose pkgid paging@0.1.1
11 verbose cwd /Users/nimo/Documents/git/paging/js
12 error Darwin 15.6.0
13 error argv "/usr/local/bin/node" "/usr/local/bin/npm" "run" "dev"
14 error node v4.5.0
15 error npm  v2.15.9
16 error code ELIFECYCLE
17 error paging@0.1.1 dev: `fis3 release -wL -d ./output`
17 error Exit status 7
18 error Failed at the paging@0.1.1 dev script 'fis3 release -wL -d ./output'.
18 error This is most likely a problem with the paging package,
18 error not with npm itself.
18 error Tell the author that this fails on your system:
18 error     fis3 release -wL -d ./output
18 error You can get information on how to open an issue for this project with:
18 error     npm bugs paging
18 error Or if that isn't available, you can get their info via:
18 error
18 error     npm owner ls paging
18 error There is likely additional logging output above.
19 verbose exit [ 1, true ]
